2014-02-09 16:10:17 Error: [MissingConnectionException] Database connection "Mysql" is missing, or could not be created.
Exception Attributes: array (
  'class' => 'Mysql',
  'message' => 'Selected driver is not enabled',
  'enabled' => false,
)
Request URL: /~larissa/VendaDePassagens/users/login
Stack Trace:
#0 /home/larissa/Projects/www/public_html/VendaDePassagens/lib/Cake/Model/ConnectionManager.php(105): DboSource->__construct(Array)
#1 /home/larissa/Projects/www/public_html/VendaDePassagens/lib/Cake/Model/Model.php(3471): ConnectionManager::getDataSource('default')
#2 /home/larissa/Projects/www/public_html/VendaDePassagens/lib/Cake/Model/Model.php(1126): Model->setDataSource('default')
#3 /home/larissa/Projects/www/public_html/VendaDePassagens/lib/Cake/Model/Model.php(3493): Model->setSource('users')
#4 /home/larissa/Projects/www/public_html/VendaDePassagens/lib/Cake/Model/Model.php(1353): Model->getDataSource()
#5 /home/larissa/Projects/www/public_html/VendaDePassagens/lib/Cake/View/Helper/FormHelper.php(199): Model->schema()
#6 /home/larissa/Projects/www/public_html/VendaDePassagens/lib/Cake/View/Helper/FormHelper.php(451): FormHelper->_introspectModel('User', 'fields')
#7 /home/larissa/Projects/www/public_html/VendaDePassagens/app/View/Users/login.ctp(2): FormHelper->create('User')
#8 /home/larissa/Projects/www/public_html/VendaDePassagens/lib/Cake/View/View.php(929): include('/home/larissa/P...')
#9 /home/larissa/Projects/www/public_html/VendaDePassagens/lib/Cake/View/View.php(891): View->_evaluate('/home/larissa/P...', Array)
#10 /home/larissa/Projects/www/public_html/VendaDePassagens/lib/Cake/View/View.php(460): View->_render('/home/larissa/P...')
#11 /home/larissa/Projects/www/public_html/VendaDePassagens/lib/Cake/Controller/Controller.php(952): View->render(NULL, NULL)
#12 /home/larissa/Projects/www/public_html/VendaDePassagens/lib/Cake/Routing/Dispatcher.php(192): Controller->render()
#13 /home/larissa/Projects/www/public_html/VendaDePassagens/lib/Cake/Routing/Dispatcher.php(160): Dispatcher->_invoke(Object(UsersController), Object(CakeRequest), Object(CakeResponse))
#14 /home/larissa/Projects/www/public_html/VendaDePassagens/app/webroot/index.php(108): Dispatcher->dispatch(Object(CakeRequest), Object(CakeResponse))
#15 {main}
2014-02-09 16:10:17 Error: [MissingControllerException] Controller class CssController could not be found.
Exception Attributes: array (
  'class' => 'CssController',
  'plugin' => NULL,
)
Request URL: /~larissa/VendaDePassagens/css/heroic-features.css
Stack Trace:
#0 /home/larissa/Projects/www/public_html/VendaDePassagens/app/webroot/index.php(108): Dispatcher->dispatch(Object(CakeRequest), Object(CakeResponse))
#1 {main}
2014-02-09 16:10:23 Error: [MissingActionException] Action UsersController::index.php() could not be found.
Exception Attributes: array (
  'controller' => 'UsersController',
  'action' => 'index.php',
)
Request URL: /~larissa/VendaDePassagens/users/index.php
Stack Trace:
#0 /home/larissa/Projects/www/public_html/VendaDePassagens/lib/Cake/Routing/Dispatcher.php(185): Controller->invokeAction(Object(CakeRequest))
#1 /home/larissa/Projects/www/public_html/VendaDePassagens/lib/Cake/Routing/Dispatcher.php(160): Dispatcher->_invoke(Object(UsersController), Object(CakeRequest), Object(CakeResponse))
#2 /home/larissa/Projects/www/public_html/VendaDePassagens/app/webroot/index.php(108): Dispatcher->dispatch(Object(CakeRequest), Object(CakeResponse))
#3 {main}
2014-02-09 16:10:23 Error: [MissingControllerException] Controller class CssController could not be found.
Exception Attributes: array (
  'class' => 'CssController',
  'plugin' => NULL,
)
Request URL: /~larissa/VendaDePassagens/css/heroic-features.css
Stack Trace:
#0 /home/larissa/Projects/www/public_html/VendaDePassagens/app/webroot/index.php(108): Dispatcher->dispatch(Object(CakeRequest), Object(CakeResponse))
#1 {main}
2014-02-09 16:10:40 Error: [MissingActionException] Action UsersController::index.php() could not be found.
Exception Attributes: array (
  'controller' => 'UsersController',
  'action' => 'index.php',
)
Request URL: /~larissa/VendaDePassagens/Users/index.php
Stack Trace:
#0 /home/larissa/Projects/www/public_html/VendaDePassagens/lib/Cake/Routing/Dispatcher.php(185): Controller->invokeAction(Object(CakeRequest))
#1 /home/larissa/Projects/www/public_html/VendaDePassagens/lib/Cake/Routing/Dispatcher.php(160): Dispatcher->_invoke(Object(UsersController), Object(CakeRequest), Object(CakeResponse))
#2 /home/larissa/Projects/www/public_html/VendaDePassagens/app/webroot/index.php(108): Dispatcher->dispatch(Object(CakeRequest), Object(CakeResponse))
#3 {main}
2014-02-09 16:10:40 Error: [MissingControllerException] Controller class CssController could not be found.
Exception Attributes: array (
  'class' => 'CssController',
  'plugin' => NULL,
)
Request URL: /~larissa/VendaDePassagens/css/heroic-features.css
Stack Trace:
#0 /home/larissa/Projects/www/public_html/VendaDePassagens/app/webroot/index.php(108): Dispatcher->dispatch(Object(CakeRequest), Object(CakeResponse))
#1 {main}
2014-02-09 16:10:46 Error: [MissingConnectionException] Database connection "Mysql" is missing, or could not be created.
Exception Attributes: array (
  'class' => 'Mysql',
  'message' => 'Selected driver is not enabled',
  'enabled' => false,
)
Request URL: /~larissa/VendaDePassagens/users/login
Stack Trace:
#0 /home/larissa/Projects/www/public_html/VendaDePassagens/lib/Cake/Model/ConnectionManager.php(105): DboSource->__construct(Array)
#1 /home/larissa/Projects/www/public_html/VendaDePassagens/lib/Cake/Model/Model.php(3471): ConnectionManager::getDataSource('default')
#2 /home/larissa/Projects/www/public_html/VendaDePassagens/lib/Cake/Model/Model.php(1126): Model->setDataSource('default')
#3 /home/larissa/Projects/www/public_html/VendaDePassagens/lib/Cake/Model/Model.php(3493): Model->setSource('users')
#4 /home/larissa/Projects/www/public_html/VendaDePassagens/lib/Cake/Model/Model.php(1353): Model->getDataSource()
#5 /home/larissa/Projects/www/public_html/VendaDePassagens/lib/Cake/View/Helper/FormHelper.php(199): Model->schema()
#6 /home/larissa/Projects/www/public_html/VendaDePassagens/lib/Cake/View/Helper/FormHelper.php(451): FormHelper->_introspectModel('User', 'fields')
#7 /home/larissa/Projects/www/public_html/VendaDePassagens/app/View/Users/login.ctp(2): FormHelper->create('User')
#8 /home/larissa/Projects/www/public_html/VendaDePassagens/lib/Cake/View/View.php(929): include('/home/larissa/P...')
#9 /home/larissa/Projects/www/public_html/VendaDePassagens/lib/Cake/View/View.php(891): View->_evaluate('/home/larissa/P...', Array)
#10 /home/larissa/Projects/www/public_html/VendaDePassagens/lib/Cake/View/View.php(460): View->_render('/home/larissa/P...')
#11 /home/larissa/Projects/www/public_html/VendaDePassagens/lib/Cake/Controller/Controller.php(952): View->render(NULL, NULL)
#12 /home/larissa/Projects/www/public_html/VendaDePassagens/lib/Cake/Routing/Dispatcher.php(192): Controller->render()
#13 /home/larissa/Projects/www/public_html/VendaDePassagens/lib/Cake/Routing/Dispatcher.php(160): Dispatcher->_invoke(Object(UsersController), Object(CakeRequest), Object(CakeResponse))
#14 /home/larissa/Projects/www/public_html/VendaDePassagens/app/webroot/index.php(108): Dispatcher->dispatch(Object(CakeRequest), Object(CakeResponse))
#15 {main}
2014-02-09 16:10:46 Error: [MissingControllerException] Controller class CssController could not be found.
Exception Attributes: array (
  'class' => 'CssController',
  'plugin' => NULL,
)
Request URL: /~larissa/VendaDePassagens/css/heroic-features.css
Stack Trace:
#0 /home/larissa/Projects/www/public_html/VendaDePassagens/app/webroot/index.php(108): Dispatcher->dispatch(Object(CakeRequest), Object(CakeResponse))
#1 {main}
2014-02-09 16:11:14 Error: [MissingConnectionException] Database connection "Mysql" is missing, or could not be created.
Exception Attributes: array (
  'class' => 'Mysql',
  'message' => 'Selected driver is not enabled',
  'enabled' => false,
)
Request URL: /~larissa/VendaDePassagens/users/login
Stack Trace:
#0 /home/larissa/Projects/www/public_html/VendaDePassagens/lib/Cake/Model/ConnectionManager.php(105): DboSource->__construct(Array)
#1 /home/larissa/Projects/www/public_html/VendaDePassagens/lib/Cake/Model/Model.php(3471): ConnectionManager::getDataSource('default')
#2 /home/larissa/Projects/www/public_html/VendaDePassagens/lib/Cake/Model/Model.php(1126): Model->setDataSource('default')
#3 /home/larissa/Projects/www/public_html/VendaDePassagens/lib/Cake/Model/Model.php(3493): Model->setSource('users')
#4 /home/larissa/Projects/www/public_html/VendaDePassagens/lib/Cake/Model/Model.php(1353): Model->getDataSource()
#5 /home/larissa/Projects/www/public_html/VendaDePassagens/lib/Cake/View/Helper/FormHelper.php(199): Model->schema()
#6 /home/larissa/Projects/www/public_html/VendaDePassagens/lib/Cake/View/Helper/FormHelper.php(451): FormHelper->_introspectModel('User', 'fields')
#7 /home/larissa/Projects/www/public_html/VendaDePassagens/app/View/Users/login.ctp(2): FormHelper->create('User')
#8 /home/larissa/Projects/www/public_html/VendaDePassagens/lib/Cake/View/View.php(929): include('/home/larissa/P...')
#9 /home/larissa/Projects/www/public_html/VendaDePassagens/lib/Cake/View/View.php(891): View->_evaluate('/home/larissa/P...', Array)
#10 /home/larissa/Projects/www/public_html/VendaDePassagens/lib/Cake/View/View.php(460): View->_render('/home/larissa/P...')
#11 /home/larissa/Projects/www/public_html/VendaDePassagens/lib/Cake/Controller/Controller.php(952): View->render(NULL, NULL)
#12 /home/larissa/Projects/www/public_html/VendaDePassagens/lib/Cake/Routing/Dispatcher.php(192): Controller->render()
#13 /home/larissa/Projects/www/public_html/VendaDePassagens/lib/Cake/Routing/Dispatcher.php(160): Dispatcher->_invoke(Object(UsersController), Object(CakeRequest), Object(CakeResponse))
#14 /home/larissa/Projects/www/public_html/VendaDePassagens/app/webroot/index.php(108): Dispatcher->dispatch(Object(CakeRequest), Object(CakeResponse))
#15 {main}
2014-02-09 16:11:14 Error: [MissingControllerException] Controller class CssController could not be found.
Exception Attributes: array (
  'class' => 'CssController',
  'plugin' => NULL,
)
Request URL: /~larissa/VendaDePassagens/css/heroic-features.css
Stack Trace:
#0 /home/larissa/Projects/www/public_html/VendaDePassagens/app/webroot/index.php(108): Dispatcher->dispatch(Object(CakeRequest), Object(CakeResponse))
#1 {main}
2014-02-09 16:11:16 Error: [MissingConnectionException] Database connection "Mysql" is missing, or could not be created.
Exception Attributes: array (
  'class' => 'Mysql',
  'message' => 'Selected driver is not enabled',
  'enabled' => false,
)
Request URL: /~larissa/VendaDePassagens/users/login
Stack Trace:
#0 /home/larissa/Projects/www/public_html/VendaDePassagens/lib/Cake/Model/ConnectionManager.php(105): DboSource->__construct(Array)
#1 /home/larissa/Projects/www/public_html/VendaDePassagens/lib/Cake/Model/Model.php(3471): ConnectionManager::getDataSource('default')
#2 /home/larissa/Projects/www/public_html/VendaDePassagens/lib/Cake/Model/Model.php(1126): Model->setDataSource('default')
#3 /home/larissa/Projects/www/public_html/VendaDePassagens/lib/Cake/Model/Model.php(3493): Model->setSource('users')
#4 /home/larissa/Projects/www/public_html/VendaDePassagens/lib/Cake/Model/Model.php(1353): Model->getDataSource()
#5 /home/larissa/Projects/www/public_html/VendaDePassagens/lib/Cake/View/Helper/FormHelper.php(199): Model->schema()
#6 /home/larissa/Projects/www/public_html/VendaDePassagens/lib/Cake/View/Helper/FormHelper.php(451): FormHelper->_introspectModel('User', 'fields')
#7 /home/larissa/Projects/www/public_html/VendaDePassagens/app/View/Users/login.ctp(2): FormHelper->create('User')
#8 /home/larissa/Projects/www/public_html/VendaDePassagens/lib/Cake/View/View.php(929): include('/home/larissa/P...')
#9 /home/larissa/Projects/www/public_html/VendaDePassagens/lib/Cake/View/View.php(891): View->_evaluate('/home/larissa/P...', Array)
#10 /home/larissa/Projects/www/public_html/VendaDePassagens/lib/Cake/View/View.php(460): View->_render('/home/larissa/P...')
#11 /home/larissa/Projects/www/public_html/VendaDePassagens/lib/Cake/Controller/Controller.php(952): View->render(NULL, NULL)
#12 /home/larissa/Projects/www/public_html/VendaDePassagens/lib/Cake/Routing/Dispatcher.php(192): Controller->render()
#13 /home/larissa/Projects/www/public_html/VendaDePassagens/lib/Cake/Routing/Dispatcher.php(160): Dispatcher->_invoke(Object(UsersController), Object(CakeRequest), Object(CakeResponse))
#14 /home/larissa/Projects/www/public_html/VendaDePassagens/app/webroot/index.php(108): Dispatcher->dispatch(Object(CakeRequest), Object(CakeResponse))
#15 {main}
2014-02-09 16:11:16 Error: [MissingControllerException] Controller class CssController could not be found.
Exception Attributes: array (
  'class' => 'CssController',
  'plugin' => NULL,
)
Request URL: /~larissa/VendaDePassagens/css/heroic-features.css
Stack Trace:
#0 /home/larissa/Projects/www/public_html/VendaDePassagens/app/webroot/index.php(108): Dispatcher->dispatch(Object(CakeRequest), Object(CakeResponse))
#1 {main}
2014-02-09 16:11:18 Error: [MissingConnectionException] Database connection "Mysql" is missing, or could not be created.
Exception Attributes: array (
  'class' => 'Mysql',
  'message' => 'Selected driver is not enabled',
  'enabled' => false,
)
Request URL: /~larissa/VendaDePassagens/users/login
Stack Trace:
#0 /home/larissa/Projects/www/public_html/VendaDePassagens/lib/Cake/Model/ConnectionManager.php(105): DboSource->__construct(Array)
#1 /home/larissa/Projects/www/public_html/VendaDePassagens/lib/Cake/Model/Model.php(3471): ConnectionManager::getDataSource('default')
#2 /home/larissa/Projects/www/public_html/VendaDePassagens/lib/Cake/Model/Model.php(1126): Model->setDataSource('default')
#3 /home/larissa/Projects/www/public_html/VendaDePassagens/lib/Cake/Model/Model.php(3493): Model->setSource('users')
#4 /home/larissa/Projects/www/public_html/VendaDePassagens/lib/Cake/Model/Model.php(1353): Model->getDataSource()
#5 /home/larissa/Projects/www/public_html/VendaDePassagens/lib/Cake/View/Helper/FormHelper.php(199): Model->schema()
#6 /home/larissa/Projects/www/public_html/VendaDePassagens/lib/Cake/View/Helper/FormHelper.php(451): FormHelper->_introspectModel('User', 'fields')
#7 /home/larissa/Projects/www/public_html/VendaDePassagens/app/View/Users/login.ctp(2): FormHelper->create('User')
#8 /home/larissa/Projects/www/public_html/VendaDePassagens/lib/Cake/View/View.php(929): include('/home/larissa/P...')
#9 /home/larissa/Projects/www/public_html/VendaDePassagens/lib/Cake/View/View.php(891): View->_evaluate('/home/larissa/P...', Array)
#10 /home/larissa/Projects/www/public_html/VendaDePassagens/lib/Cake/View/View.php(460): View->_render('/home/larissa/P...')
#11 /home/larissa/Projects/www/public_html/VendaDePassagens/lib/Cake/Controller/Controller.php(952): View->render(NULL, NULL)
#12 /home/larissa/Projects/www/public_html/VendaDePassagens/lib/Cake/Routing/Dispatcher.php(192): Controller->render()
#13 /home/larissa/Projects/www/public_html/VendaDePassagens/lib/Cake/Routing/Dispatcher.php(160): Dispatcher->_invoke(Object(UsersController), Object(CakeRequest), Object(CakeResponse))
#14 /home/larissa/Projects/www/public_html/VendaDePassagens/app/webroot/index.php(108): Dispatcher->dispatch(Object(CakeRequest), Object(CakeResponse))
#15 {main}
2014-02-09 16:11:18 Error: [MissingControllerException] Controller class CssController could not be found.
Exception Attributes: array (
  'class' => 'CssController',
  'plugin' => NULL,
)
Request URL: /~larissa/VendaDePassagens/css/heroic-features.css
Stack Trace:
#0 /home/larissa/Projects/www/public_html/VendaDePassagens/app/webroot/index.php(108): Dispatcher->dispatch(Object(CakeRequest), Object(CakeResponse))
#1 {main}
2014-02-09 16:11:27 Error: [MissingActionException] Action UsersController::index.php() could not be found.
Exception Attributes: array (
  'controller' => 'UsersController',
  'action' => 'index.php',
)
Request URL: /~larissa/VendaDePassagens/users/index.php
Stack Trace:
#0 /home/larissa/Projects/www/public_html/VendaDePassagens/lib/Cake/Routing/Dispatcher.php(185): Controller->invokeAction(Object(CakeRequest))
#1 /home/larissa/Projects/www/public_html/VendaDePassagens/lib/Cake/Routing/Dispatcher.php(160): Dispatcher->_invoke(Object(UsersController), Object(CakeRequest), Object(CakeResponse))
#2 /home/larissa/Projects/www/public_html/VendaDePassagens/app/webroot/index.php(108): Dispatcher->dispatch(Object(CakeRequest), Object(CakeResponse))
#3 {main}
2014-02-09 16:11:27 Error: [MissingControllerException] Controller class CssController could not be found.
Exception Attributes: array (
  'class' => 'CssController',
  'plugin' => NULL,
)
Request URL: /~larissa/VendaDePassagens/css/heroic-features.css
Stack Trace:
#0 /home/larissa/Projects/www/public_html/VendaDePassagens/app/webroot/index.php(108): Dispatcher->dispatch(Object(CakeRequest), Object(CakeResponse))
#1 {main}
2014-02-09 16:11:42 Error: [MissingConnectionException] Database connection "Mysql" is missing, or could not be created.
Exception Attributes: array (
  'class' => 'Mysql',
  'message' => 'Selected driver is not enabled',
  'enabled' => false,
)
Request URL: /~larissa/VendaDePassagens/clientes/add
Stack Trace:
#0 /home/larissa/Projects/www/public_html/VendaDePassagens/lib/Cake/Model/ConnectionManager.php(105): DboSource->__construct(Array)
#1 /home/larissa/Projects/www/public_html/VendaDePassagens/lib/Cake/Model/Model.php(3471): ConnectionManager::getDataSource('default')
#2 /home/larissa/Projects/www/public_html/VendaDePassagens/lib/Cake/Model/Model.php(1126): Model->setDataSource('default')
#3 /home/larissa/Projects/www/public_html/VendaDePassagens/lib/Cake/Model/Model.php(3493): Model->setSource('users')
#4 /home/larissa/Projects/www/public_html/VendaDePassagens/lib/Cake/Model/Model.php(1353): Model->getDataSource()
#5 /home/larissa/Projects/www/public_html/VendaDePassagens/lib/Cake/View/Helper/FormHelper.php(199): Model->schema()
#6 /home/larissa/Projects/www/public_html/VendaDePassagens/lib/Cake/View/Helper/FormHelper.php(451): FormHelper->_introspectModel('Cliente', 'fields')
#7 /home/larissa/Projects/www/public_html/VendaDePassagens/app/View/Clientes/add.ctp(5): FormHelper->create('Cliente')
#8 /home/larissa/Projects/www/public_html/VendaDePassagens/lib/Cake/View/View.php(929): include('/home/larissa/P...')
#9 /home/larissa/Projects/www/public_html/VendaDePassagens/lib/Cake/View/View.php(891): View->_evaluate('/home/larissa/P...', Array)
#10 /home/larissa/Projects/www/public_html/VendaDePassagens/lib/Cake/View/View.php(460): View->_render('/home/larissa/P...')
#11 /home/larissa/Projects/www/public_html/VendaDePassagens/lib/Cake/Controller/Controller.php(952): View->render(NULL, NULL)
#12 /home/larissa/Projects/www/public_html/VendaDePassagens/lib/Cake/Routing/Dispatcher.php(192): Controller->render()
#13 /home/larissa/Projects/www/public_html/VendaDePassagens/lib/Cake/Routing/Dispatcher.php(160): Dispatcher->_invoke(Object(ClientesController), Object(CakeRequest), Object(CakeResponse))
#14 /home/larissa/Projects/www/public_html/VendaDePassagens/app/webroot/index.php(108): Dispatcher->dispatch(Object(CakeRequest), Object(CakeResponse))
#15 {main}
2014-02-09 16:11:42 Error: [MissingControllerException] Controller class CssController could not be found.
Exception Attributes: array (
  'class' => 'CssController',
  'plugin' => NULL,
)
Request URL: /~larissa/VendaDePassagens/css/heroic-features.css
Stack Trace:
#0 /home/larissa/Projects/www/public_html/VendaDePassagens/app/webroot/index.php(108): Dispatcher->dispatch(Object(CakeRequest), Object(CakeResponse))
#1 {main}
2014-02-09 16:12:38 Error: [MissingConnectionException] Database connection "Mysql" is missing, or could not be created.
Exception Attributes: array (
  'class' => 'Mysql',
  'message' => 'Selected driver is not enabled',
  'enabled' => false,
)
Request URL: /~larissa/VendaDePassagens/users/login
Stack Trace:
#0 /home/larissa/Projects/www/public_html/VendaDePassagens/lib/Cake/Model/ConnectionManager.php(105): DboSource->__construct(Array)
#1 /home/larissa/Projects/www/public_html/VendaDePassagens/lib/Cake/Model/Model.php(3471): ConnectionManager::getDataSource('default')
#2 /home/larissa/Projects/www/public_html/VendaDePassagens/lib/Cake/Model/Model.php(1126): Model->setDataSource('default')
#3 /home/larissa/Projects/www/public_html/VendaDePassagens/lib/Cake/Model/Model.php(3493): Model->setSource('users')
#4 /home/larissa/Projects/www/public_html/VendaDePassagens/lib/Cake/Model/Model.php(1353): Model->getDataSource()
#5 /home/larissa/Projects/www/public_html/VendaDePassagens/lib/Cake/View/Helper/FormHelper.php(199): Model->schema()
#6 /home/larissa/Projects/www/public_html/VendaDePassagens/lib/Cake/View/Helper/FormHelper.php(451): FormHelper->_introspectModel('User', 'fields')
#7 /home/larissa/Projects/www/public_html/VendaDePassagens/app/View/Users/login.ctp(2): FormHelper->create('User')
#8 /home/larissa/Projects/www/public_html/VendaDePassagens/lib/Cake/View/View.php(929): include('/home/larissa/P...')
#9 /home/larissa/Projects/www/public_html/VendaDePassagens/lib/Cake/View/View.php(891): View->_evaluate('/home/larissa/P...', Array)
#10 /home/larissa/Projects/www/public_html/VendaDePassagens/lib/Cake/View/View.php(460): View->_render('/home/larissa/P...')
#11 /home/larissa/Projects/www/public_html/VendaDePassagens/lib/Cake/Controller/Controller.php(952): View->render(NULL, NULL)
#12 /home/larissa/Projects/www/public_html/VendaDePassagens/lib/Cake/Routing/Dispatcher.php(192): Controller->render()
#13 /home/larissa/Projects/www/public_html/VendaDePassagens/lib/Cake/Routing/Dispatcher.php(160): Dispatcher->_invoke(Object(UsersController), Object(CakeRequest), Object(CakeResponse))
#14 /home/larissa/Projects/www/public_html/VendaDePassagens/app/webroot/index.php(108): Dispatcher->dispatch(Object(CakeRequest), Object(CakeResponse))
#15 {main}
2014-02-09 16:12:38 Error: [MissingControllerException] Controller class CssController could not be found.
Exception Attributes: array (
  'class' => 'CssController',
  'plugin' => NULL,
)
Request URL: /~larissa/VendaDePassagens/css/heroic-features.css
Stack Trace:
#0 /home/larissa/Projects/www/public_html/VendaDePassagens/app/webroot/index.php(108): Dispatcher->dispatch(Object(CakeRequest), Object(CakeResponse))
#1 {main}
2014-02-09 16:12:41 Error: [MissingConnectionException] Database connection "Mysql" is missing, or could not be created.
Exception Attributes: array (
  'class' => 'Mysql',
  'message' => 'Selected driver is not enabled',
  'enabled' => false,
)
Request URL: /~larissa/VendaDePassagens/users/login
Stack Trace:
#0 /home/larissa/Projects/www/public_html/VendaDePassagens/lib/Cake/Model/ConnectionManager.php(105): DboSource->__construct(Array)
#1 /home/larissa/Projects/www/public_html/VendaDePassagens/lib/Cake/Model/Model.php(3471): ConnectionManager::getDataSource('default')
#2 /home/larissa/Projects/www/public_html/VendaDePassagens/lib/Cake/Model/Model.php(1126): Model->setDataSource('default')
#3 /home/larissa/Projects/www/public_html/VendaDePassagens/lib/Cake/Model/Model.php(3493): Model->setSource('users')
#4 /home/larissa/Projects/www/public_html/VendaDePassagens/lib/Cake/Model/Model.php(1353): Model->getDataSource()
#5 /home/larissa/Projects/www/public_html/VendaDePassagens/lib/Cake/View/Helper/FormHelper.php(199): Model->schema()
#6 /home/larissa/Projects/www/public_html/VendaDePassagens/lib/Cake/View/Helper/FormHelper.php(451): FormHelper->_introspectModel('User', 'fields')
#7 /home/larissa/Projects/www/public_html/VendaDePassagens/app/View/Users/login.ctp(2): FormHelper->create('User')
#8 /home/larissa/Projects/www/public_html/VendaDePassagens/lib/Cake/View/View.php(929): include('/home/larissa/P...')
#9 /home/larissa/Projects/www/public_html/VendaDePassagens/lib/Cake/View/View.php(891): View->_evaluate('/home/larissa/P...', Array)
#10 /home/larissa/Projects/www/public_html/VendaDePassagens/lib/Cake/View/View.php(460): View->_render('/home/larissa/P...')
#11 /home/larissa/Projects/www/public_html/VendaDePassagens/lib/Cake/Controller/Controller.php(952): View->render(NULL, NULL)
#12 /home/larissa/Projects/www/public_html/VendaDePassagens/lib/Cake/Routing/Dispatcher.php(192): Controller->render()
#13 /home/larissa/Projects/www/public_html/VendaDePassagens/lib/Cake/Routing/Dispatcher.php(160): Dispatcher->_invoke(Object(UsersController), Object(CakeRequest), Object(CakeResponse))
#14 /home/larissa/Projects/www/public_html/VendaDePassagens/app/webroot/index.php(108): Dispatcher->dispatch(Object(CakeRequest), Object(CakeResponse))
#15 {main}
2014-02-09 16:12:41 Error: [MissingControllerException] Controller class CssController could not be found.
Exception Attributes: array (
  'class' => 'CssController',
  'plugin' => NULL,
)
Request URL: /~larissa/VendaDePassagens/css/heroic-features.css
Stack Trace:
#0 /home/larissa/Projects/www/public_html/VendaDePassagens/app/webroot/index.php(108): Dispatcher->dispatch(Object(CakeRequest), Object(CakeResponse))
#1 {main}
2014-02-09 16:12:52 Error: [MissingConnectionException] Database connection "Mysql" is missing, or could not be created.
Exception Attributes: array (
  'class' => 'Mysql',
  'message' => 'Selected driver is not enabled',
  'enabled' => false,
)
Request URL: /~larissa/VendaDePassagens/users/login
Stack Trace:
#0 /home/larissa/Projects/www/public_html/VendaDePassagens/lib/Cake/Model/ConnectionManager.php(105): DboSource->__construct(Array)
#1 /home/larissa/Projects/www/public_html/VendaDePassagens/lib/Cake/Model/Model.php(3471): ConnectionManager::getDataSource('default')
#2 /home/larissa/Projects/www/public_html/VendaDePassagens/lib/Cake/Model/Model.php(1126): Model->setDataSource('default')
#3 /home/larissa/Projects/www/public_html/VendaDePassagens/lib/Cake/Model/Model.php(3493): Model->setSource('users')
#4 /home/larissa/Projects/www/public_html/VendaDePassagens/lib/Cake/Model/Model.php(1353): Model->getDataSource()
#5 /home/larissa/Projects/www/public_html/VendaDePassagens/lib/Cake/View/Helper/FormHelper.php(199): Model->schema()
#6 /home/larissa/Projects/www/public_html/VendaDePassagens/lib/Cake/View/Helper/FormHelper.php(451): FormHelper->_introspectModel('User', 'fields')
#7 /home/larissa/Projects/www/public_html/VendaDePassagens/app/View/Users/login.ctp(2): FormHelper->create('User')
#8 /home/larissa/Projects/www/public_html/VendaDePassagens/lib/Cake/View/View.php(929): include('/home/larissa/P...')
#9 /home/larissa/Projects/www/public_html/VendaDePassagens/lib/Cake/View/View.php(891): View->_evaluate('/home/larissa/P...', Array)
#10 /home/larissa/Projects/www/public_html/VendaDePassagens/lib/Cake/View/View.php(460): View->_render('/home/larissa/P...')
#11 /home/larissa/Projects/www/public_html/VendaDePassagens/lib/Cake/Controller/Controller.php(952): View->render(NULL, NULL)
#12 /home/larissa/Projects/www/public_html/VendaDePassagens/lib/Cake/Routing/Dispatcher.php(192): Controller->render()
#13 /home/larissa/Projects/www/public_html/VendaDePassagens/lib/Cake/Routing/Dispatcher.php(160): Dispatcher->_invoke(Object(UsersController), Object(CakeRequest), Object(CakeResponse))
#14 /home/larissa/Projects/www/public_html/VendaDePassagens/app/webroot/index.php(108): Dispatcher->dispatch(Object(CakeRequest), Object(CakeResponse))
#15 {main}
2014-02-09 16:12:52 Error: [MissingControllerException] Controller class CssController could not be found.
Exception Attributes: array (
  'class' => 'CssController',
  'plugin' => NULL,
)
Request URL: /~larissa/VendaDePassagens/css/heroic-features.css
Stack Trace:
#0 /home/larissa/Projects/www/public_html/VendaDePassagens/app/webroot/index.php(108): Dispatcher->dispatch(Object(CakeRequest), Object(CakeResponse))
#1 {main}
2014-02-09 16:12:53 Error: [MissingConnectionException] Database connection "Mysql" is missing, or could not be created.
Exception Attributes: array (
  'class' => 'Mysql',
  'message' => 'Selected driver is not enabled',
  'enabled' => false,
)
Request URL: /~larissa/VendaDePassagens/users/login
Stack Trace:
#0 /home/larissa/Projects/www/public_html/VendaDePassagens/lib/Cake/Model/ConnectionManager.php(105): DboSource->__construct(Array)
#1 /home/larissa/Projects/www/public_html/VendaDePassagens/lib/Cake/Model/Model.php(3471): ConnectionManager::getDataSource('default')
#2 /home/larissa/Projects/www/public_html/VendaDePassagens/lib/Cake/Model/Model.php(1126): Model->setDataSource('default')
#3 /home/larissa/Projects/www/public_html/VendaDePassagens/lib/Cake/Model/Model.php(3493): Model->setSource('users')
#4 /home/larissa/Projects/www/public_html/VendaDePassagens/lib/Cake/Model/Model.php(1353): Model->getDataSource()
#5 /home/larissa/Projects/www/public_html/VendaDePassagens/lib/Cake/View/Helper/FormHelper.php(199): Model->schema()
#6 /home/larissa/Projects/www/public_html/VendaDePassagens/lib/Cake/View/Helper/FormHelper.php(451): FormHelper->_introspectModel('User', 'fields')
#7 /home/larissa/Projects/www/public_html/VendaDePassagens/app/View/Users/login.ctp(2): FormHelper->create('User')
#8 /home/larissa/Projects/www/public_html/VendaDePassagens/lib/Cake/View/View.php(929): include('/home/larissa/P...')
#9 /home/larissa/Projects/www/public_html/VendaDePassagens/lib/Cake/View/View.php(891): View->_evaluate('/home/larissa/P...', Array)
#10 /home/larissa/Projects/www/public_html/VendaDePassagens/lib/Cake/View/View.php(460): View->_render('/home/larissa/P...')
#11 /home/larissa/Projects/www/public_html/VendaDePassagens/lib/Cake/Controller/Controller.php(952): View->render(NULL, NULL)
#12 /home/larissa/Projects/www/public_html/VendaDePassagens/lib/Cake/Routing/Dispatcher.php(192): Controller->render()
#13 /home/larissa/Projects/www/public_html/VendaDePassagens/lib/Cake/Routing/Dispatcher.php(160): Dispatcher->_invoke(Object(UsersController), Object(CakeRequest), Object(CakeResponse))
#14 /home/larissa/Projects/www/public_html/VendaDePassagens/app/webroot/index.php(108): Dispatcher->dispatch(Object(CakeRequest), Object(CakeResponse))
#15 {main}
2014-02-09 16:12:53 Error: [MissingControllerException] Controller class CssController could not be found.
Exception Attributes: array (
  'class' => 'CssController',
  'plugin' => NULL,
)
Request URL: /~larissa/VendaDePassagens/css/heroic-features.css
Stack Trace:
#0 /home/larissa/Projects/www/public_html/VendaDePassagens/app/webroot/index.php(108): Dispatcher->dispatch(Object(CakeRequest), Object(CakeResponse))
#1 {main}
2014-02-09 16:12:54 Error: [MissingActionException] Action UsersController::index.php() could not be found.
Exception Attributes: array (
  'controller' => 'UsersController',
  'action' => 'index.php',
)
Request URL: /~larissa/VendaDePassagens/users/index.php
Stack Trace:
#0 /home/larissa/Projects/www/public_html/VendaDePassagens/lib/Cake/Routing/Dispatcher.php(185): Controller->invokeAction(Object(CakeRequest))
#1 /home/larissa/Projects/www/public_html/VendaDePassagens/lib/Cake/Routing/Dispatcher.php(160): Dispatcher->_invoke(Object(UsersController), Object(CakeRequest), Object(CakeResponse))
#2 /home/larissa/Projects/www/public_html/VendaDePassagens/app/webroot/index.php(108): Dispatcher->dispatch(Object(CakeRequest), Object(CakeResponse))
#3 {main}
2014-02-09 16:12:54 Error: [MissingControllerException] Controller class CssController could not be found.
Exception Attributes: array (
  'class' => 'CssController',
  'plugin' => NULL,
)
Request URL: /~larissa/VendaDePassagens/css/heroic-features.css
Stack Trace:
#0 /home/larissa/Projects/www/public_html/VendaDePassagens/app/webroot/index.php(108): Dispatcher->dispatch(Object(CakeRequest), Object(CakeResponse))
#1 {main}
2014-02-09 16:12:55 Error: [MissingActionException] Action UsersController::index.php() could not be found.
Exception Attributes: array (
  'controller' => 'UsersController',
  'action' => 'index.php',
)
Request URL: /~larissa/VendaDePassagens/users/index.php
Stack Trace:
#0 /home/larissa/Projects/www/public_html/VendaDePassagens/lib/Cake/Routing/Dispatcher.php(185): Controller->invokeAction(Object(CakeRequest))
#1 /home/larissa/Projects/www/public_html/VendaDePassagens/lib/Cake/Routing/Dispatcher.php(160): Dispatcher->_invoke(Object(UsersController), Object(CakeRequest), Object(CakeResponse))
#2 /home/larissa/Projects/www/public_html/VendaDePassagens/app/webroot/index.php(108): Dispatcher->dispatch(Object(CakeRequest), Object(CakeResponse))
#3 {main}
2014-02-09 16:12:55 Error: [MissingControllerException] Controller class CssController could not be found.
Exception Attributes: array (
  'class' => 'CssController',
  'plugin' => NULL,
)
Request URL: /~larissa/VendaDePassagens/css/heroic-features.css
Stack Trace:
#0 /home/larissa/Projects/www/public_html/VendaDePassagens/app/webroot/index.php(108): Dispatcher->dispatch(Object(CakeRequest), Object(CakeResponse))
#1 {main}
2014-02-09 16:16:36 Error: [MissingActionException] Action UsersController::index.php() could not be found.
Exception Attributes: array (
  'controller' => 'UsersController',
  'action' => 'index.php',
)
Request URL: /~larissa/VendaDePassagens/users/index.php
Stack Trace:
#0 /home/larissa/Projects/www/public_html/VendaDePassagens/lib/Cake/Routing/Dispatcher.php(185): Controller->invokeAction(Object(CakeRequest))
#1 /home/larissa/Projects/www/public_html/VendaDePassagens/lib/Cake/Routing/Dispatcher.php(160): Dispatcher->_invoke(Object(UsersController), Object(CakeRequest), Object(CakeResponse))
#2 /home/larissa/Projects/www/public_html/VendaDePassagens/app/webroot/index.php(108): Dispatcher->dispatch(Object(CakeRequest), Object(CakeResponse))
#3 {main}
2014-02-09 16:16:37 Error: [MissingControllerException] Controller class CssController could not be found.
Exception Attributes: array (
  'class' => 'CssController',
  'plugin' => NULL,
)
Request URL: /~larissa/VendaDePassagens/css/heroic-features.css
Stack Trace:
#0 /home/larissa/Projects/www/public_html/VendaDePassagens/app/webroot/index.php(108): Dispatcher->dispatch(Object(CakeRequest), Object(CakeResponse))
#1 {main}
2014-02-09 16:16:45 Error: [MissingActionException] Action UsersController::index.php() could not be found.
Exception Attributes: array (
  'controller' => 'UsersController',
  'action' => 'index.php',
)
Request URL: /~larissa/VendaDePassagens/users/index.php
Stack Trace:
#0 /home/larissa/Projects/www/public_html/VendaDePassagens/lib/Cake/Routing/Dispatcher.php(185): Controller->invokeAction(Object(CakeRequest))
#1 /home/larissa/Projects/www/public_html/VendaDePassagens/lib/Cake/Routing/Dispatcher.php(160): Dispatcher->_invoke(Object(UsersController), Object(CakeRequest), Object(CakeResponse))
#2 /home/larissa/Projects/www/public_html/VendaDePassagens/app/webroot/index.php(108): Dispatcher->dispatch(Object(CakeRequest), Object(CakeResponse))
#3 {main}
2014-02-09 16:16:45 Error: [MissingControllerException] Controller class CssController could not be found.
Exception Attributes: array (
  'class' => 'CssController',
  'plugin' => NULL,
)
Request URL: /~larissa/VendaDePassagens/css/heroic-features.css
Stack Trace:
#0 /home/larissa/Projects/www/public_html/VendaDePassagens/app/webroot/index.php(108): Dispatcher->dispatch(Object(CakeRequest), Object(CakeResponse))
#1 {main}
2014-02-09 16:16:51 Error: [MissingConnectionException] Database connection "Mysql" is missing, or could not be created.
Exception Attributes: array (
  'class' => 'Mysql',
  'message' => 'Selected driver is not enabled',
  'enabled' => false,
)
Request URL: /~larissa/VendaDePassagens/users/login
Stack Trace:
#0 /home/larissa/Projects/www/public_html/VendaDePassagens/lib/Cake/Model/ConnectionManager.php(105): DboSource->__construct(Array)
#1 /home/larissa/Projects/www/public_html/VendaDePassagens/lib/Cake/Model/Model.php(3471): ConnectionManager::getDataSource('default')
#2 /home/larissa/Projects/www/public_html/VendaDePassagens/lib/Cake/Model/Model.php(1126): Model->setDataSource('default')
#3 /home/larissa/Projects/www/public_html/VendaDePassagens/lib/Cake/Model/Model.php(3493): Model->setSource('users')
#4 /home/larissa/Projects/www/public_html/VendaDePassagens/lib/Cake/Model/Model.php(1353): Model->getDataSource()
#5 /home/larissa/Projects/www/public_html/VendaDePassagens/lib/Cake/View/Helper/FormHelper.php(199): Model->schema()
#6 /home/larissa/Projects/www/public_html/VendaDePassagens/lib/Cake/View/Helper/FormHelper.php(451): FormHelper->_introspectModel('User', 'fields')
#7 /home/larissa/Projects/www/public_html/VendaDePassagens/app/View/Users/login.ctp(2): FormHelper->create('User')
#8 /home/larissa/Projects/www/public_html/VendaDePassagens/lib/Cake/View/View.php(929): include('/home/larissa/P...')
#9 /home/larissa/Projects/www/public_html/VendaDePassagens/lib/Cake/View/View.php(891): View->_evaluate('/home/larissa/P...', Array)
#10 /home/larissa/Projects/www/public_html/VendaDePassagens/lib/Cake/View/View.php(460): View->_render('/home/larissa/P...')
#11 /home/larissa/Projects/www/public_html/VendaDePassagens/lib/Cake/Controller/Controller.php(952): View->render(NULL, NULL)
#12 /home/larissa/Projects/www/public_html/VendaDePassagens/lib/Cake/Routing/Dispatcher.php(192): Controller->render()
#13 /home/larissa/Projects/www/public_html/VendaDePassagens/lib/Cake/Routing/Dispatcher.php(160): Dispatcher->_invoke(Object(UsersController), Object(CakeRequest), Object(CakeResponse))
#14 /home/larissa/Projects/www/public_html/VendaDePassagens/app/webroot/index.php(108): Dispatcher->dispatch(Object(CakeRequest), Object(CakeResponse))
#15 {main}
2014-02-09 16:16:51 Error: [MissingControllerException] Controller class CssController could not be found.
Exception Attributes: array (
  'class' => 'CssController',
  'plugin' => NULL,
)
Request URL: /~larissa/VendaDePassagens/css/heroic-features.css
Stack Trace:
#0 /home/larissa/Projects/www/public_html/VendaDePassagens/app/webroot/index.php(108): Dispatcher->dispatch(Object(CakeRequest), Object(CakeResponse))
#1 {main}
2014-02-09 16:18:00 Error: [MissingConnectionException] Database connection "Mysql" is missing, or could not be created.
Exception Attributes: array (
  'class' => 'Mysql',
  'message' => 'Selected driver is not enabled',
  'enabled' => false,
)
Request URL: /~larissa/VendaDePassagens/clientes/add
Stack Trace:
#0 /home/larissa/Projects/www/public_html/VendaDePassagens/lib/Cake/Model/ConnectionManager.php(105): DboSource->__construct(Array)
#1 /home/larissa/Projects/www/public_html/VendaDePassagens/lib/Cake/Model/Model.php(3471): ConnectionManager::getDataSource('default')
#2 /home/larissa/Projects/www/public_html/VendaDePassagens/lib/Cake/Model/Model.php(1126): Model->setDataSource('default')
#3 /home/larissa/Projects/www/public_html/VendaDePassagens/lib/Cake/Model/Model.php(3493): Model->setSource('users')
#4 /home/larissa/Projects/www/public_html/VendaDePassagens/lib/Cake/Model/Model.php(1353): Model->getDataSource()
#5 /home/larissa/Projects/www/public_html/VendaDePassagens/lib/Cake/View/Helper/FormHelper.php(199): Model->schema()
#6 /home/larissa/Projects/www/public_html/VendaDePassagens/lib/Cake/View/Helper/FormHelper.php(451): FormHelper->_introspectModel('Cliente', 'fields')
#7 /home/larissa/Projects/www/public_html/VendaDePassagens/app/View/Clientes/add.ctp(5): FormHelper->create('Cliente')
#8 /home/larissa/Projects/www/public_html/VendaDePassagens/lib/Cake/View/View.php(929): include('/home/larissa/P...')
#9 /home/larissa/Projects/www/public_html/VendaDePassagens/lib/Cake/View/View.php(891): View->_evaluate('/home/larissa/P...', Array)
#10 /home/larissa/Projects/www/public_html/VendaDePassagens/lib/Cake/View/View.php(460): View->_render('/home/larissa/P...')
#11 /home/larissa/Projects/www/public_html/VendaDePassagens/lib/Cake/Controller/Controller.php(952): View->render(NULL, NULL)
#12 /home/larissa/Projects/www/public_html/VendaDePassagens/lib/Cake/Routing/Dispatcher.php(192): Controller->render()
#13 /home/larissa/Projects/www/public_html/VendaDePassagens/lib/Cake/Routing/Dispatcher.php(160): Dispatcher->_invoke(Object(ClientesController), Object(CakeRequest), Object(CakeResponse))
#14 /home/larissa/Projects/www/public_html/VendaDePassagens/app/webroot/index.php(108): Dispatcher->dispatch(Object(CakeRequest), Object(CakeResponse))
#15 {main}
2014-02-09 16:18:00 Error: [MissingControllerException] Controller class CssController could not be found.
Exception Attributes: array (
  'class' => 'CssController',
  'plugin' => NULL,
)
Request URL: /~larissa/VendaDePassagens/css/heroic-features.css
Stack Trace:
#0 /home/larissa/Projects/www/public_html/VendaDePassagens/app/webroot/index.php(108): Dispatcher->dispatch(Object(CakeRequest), Object(CakeResponse))
#1 {main}
2014-02-09 16:34:00 Error: [MissingConnectionException] Database connection "Mysql" is missing, or could not be created.
Exception Attributes: array (
  'class' => 'Mysql',
  'message' => 'Selected driver is not enabled',
  'enabled' => false,
)
Request URL: /~larissa/VendaDePassagens/users/login
Stack Trace:
#0 /home/larissa/Projects/www/public_html/VendaDePassagens/lib/Cake/Model/ConnectionManager.php(105): DboSource->__construct(Array)
#1 /home/larissa/Projects/www/public_html/VendaDePassagens/lib/Cake/Model/Model.php(3471): ConnectionManager::getDataSource('default')
#2 /home/larissa/Projects/www/public_html/VendaDePassagens/lib/Cake/Model/Model.php(1126): Model->setDataSource('default')
#3 /home/larissa/Projects/www/public_html/VendaDePassagens/lib/Cake/Model/Model.php(3493): Model->setSource('users')
#4 /home/larissa/Projects/www/public_html/VendaDePassagens/lib/Cake/Model/Model.php(1353): Model->getDataSource()
#5 /home/larissa/Projects/www/public_html/VendaDePassagens/lib/Cake/View/Helper/FormHelper.php(199): Model->schema()
#6 /home/larissa/Projects/www/public_html/VendaDePassagens/lib/Cake/View/Helper/FormHelper.php(451): FormHelper->_introspectModel('User', 'fields')
#7 /home/larissa/Projects/www/public_html/VendaDePassagens/app/View/Users/login.ctp(2): FormHelper->create('User')
#8 /home/larissa/Projects/www/public_html/VendaDePassagens/lib/Cake/View/View.php(929): include('/home/larissa/P...')
#9 /home/larissa/Projects/www/public_html/VendaDePassagens/lib/Cake/View/View.php(891): View->_evaluate('/home/larissa/P...', Array)
#10 /home/larissa/Projects/www/public_html/VendaDePassagens/lib/Cake/View/View.php(460): View->_render('/home/larissa/P...')
#11 /home/larissa/Projects/www/public_html/VendaDePassagens/lib/Cake/Controller/Controller.php(952): View->render(NULL, NULL)
#12 /home/larissa/Projects/www/public_html/VendaDePassagens/lib/Cake/Routing/Dispatcher.php(192): Controller->render()
#13 /home/larissa/Projects/www/public_html/VendaDePassagens/lib/Cake/Routing/Dispatcher.php(160): Dispatcher->_invoke(Object(UsersController), Object(CakeRequest), Object(CakeResponse))
#14 /home/larissa/Projects/www/public_html/VendaDePassagens/app/webroot/index.php(108): Dispatcher->dispatch(Object(CakeRequest), Object(CakeResponse))
#15 {main}
2014-02-09 16:34:00 Error: [MissingControllerException] Controller class CssController could not be found.
Exception Attributes: array (
  'class' => 'CssController',
  'plugin' => NULL,
)
Request URL: /~larissa/VendaDePassagens/css/heroic-features.css
Stack Trace:
#0 /home/larissa/Projects/www/public_html/VendaDePassagens/app/webroot/index.php(108): Dispatcher->dispatch(Object(CakeRequest), Object(CakeResponse))
#1 {main}
2014-02-09 16:34:00 Error: [MissingControllerException] Controller class CssController could not be found.
Exception Attributes: array (
  'class' => 'CssController',
  'plugin' => NULL,
)
Request URL: /~larissa/VendaDePassagens/css/bootstrap.css.map
Stack Trace:
#0 /home/larissa/Projects/www/public_html/VendaDePassagens/app/webroot/index.php(108): Dispatcher->dispatch(Object(CakeRequest), Object(CakeResponse))
#1 {main}
2014-02-09 16:34:00 Error: [MissingControllerException] Controller class JsController could not be found.
Exception Attributes: array (
  'class' => 'JsController',
  'plugin' => NULL,
)
Request URL: /~larissa/VendaDePassagens/js/jquery.min.map
Stack Trace:
#0 /home/larissa/Projects/www/public_html/VendaDePassagens/app/webroot/index.php(108): Dispatcher->dispatch(Object(CakeRequest), Object(CakeResponse))
#1 {main}
2014-02-09 16:34:08 Error: [MissingConnectionException] Database connection "Mysql" is missing, or could not be created.
Exception Attributes: array (
  'class' => 'Mysql',
  'message' => 'Selected driver is not enabled',
  'enabled' => false,
)
Request URL: /~larissa/VendaDePassagens/clientes/add
Stack Trace:
#0 /home/larissa/Projects/www/public_html/VendaDePassagens/lib/Cake/Model/ConnectionManager.php(105): DboSource->__construct(Array)
#1 /home/larissa/Projects/www/public_html/VendaDePassagens/lib/Cake/Model/Model.php(3471): ConnectionManager::getDataSource('default')
#2 /home/larissa/Projects/www/public_html/VendaDePassagens/lib/Cake/Model/Model.php(1126): Model->setDataSource('default')
#3 /home/larissa/Projects/www/public_html/VendaDePassagens/lib/Cake/Model/Model.php(3493): Model->setSource('users')
#4 /home/larissa/Projects/www/public_html/VendaDePassagens/lib/Cake/Model/Model.php(1353): Model->getDataSource()
#5 /home/larissa/Projects/www/public_html/VendaDePassagens/lib/Cake/View/Helper/FormHelper.php(199): Model->schema()
#6 /home/larissa/Projects/www/public_html/VendaDePassagens/lib/Cake/View/Helper/FormHelper.php(451): FormHelper->_introspectModel('Cliente', 'fields')
#7 /home/larissa/Projects/www/public_html/VendaDePassagens/app/View/Clientes/add.ctp(5): FormHelper->create('Cliente')
#8 /home/larissa/Projects/www/public_html/VendaDePassagens/lib/Cake/View/View.php(929): include('/home/larissa/P...')
#9 /home/larissa/Projects/www/public_html/VendaDePassagens/lib/Cake/View/View.php(891): View->_evaluate('/home/larissa/P...', Array)
#10 /home/larissa/Projects/www/public_html/VendaDePassagens/lib/Cake/View/View.php(460): View->_render('/home/larissa/P...')
#11 /home/larissa/Projects/www/public_html/VendaDePassagens/lib/Cake/Controller/Controller.php(952): View->render(NULL, NULL)
#12 /home/larissa/Projects/www/public_html/VendaDePassagens/lib/Cake/Routing/Dispatcher.php(192): Controller->render()
#13 /home/larissa/Projects/www/public_html/VendaDePassagens/lib/Cake/Routing/Dispatcher.php(160): Dispatcher->_invoke(Object(ClientesController), Object(CakeRequest), Object(CakeResponse))
#14 /home/larissa/Projects/www/public_html/VendaDePassagens/app/webroot/index.php(108): Dispatcher->dispatch(Object(CakeRequest), Object(CakeResponse))
#15 {main}
2014-02-09 16:34:08 Error: [MissingControllerException] Controller class CssController could not be found.
Exception Attributes: array (
  'class' => 'CssController',
  'plugin' => NULL,
)
Request URL: /~larissa/VendaDePassagens/css/heroic-features.css
Stack Trace:
#0 /home/larissa/Projects/www/public_html/VendaDePassagens/app/webroot/index.php(108): Dispatcher->dispatch(Object(CakeRequest), Object(CakeResponse))
#1 {main}
2014-02-09 16:36:31 Error: [MissingConnectionException] Database connection "Mysql" is missing, or could not be created.
Exception Attributes: array (
  'class' => 'Mysql',
  'message' => 'Selected driver is not enabled',
  'enabled' => false,
)
Request URL: /~larissa/VendaDePassagens/clientes/add
Stack Trace:
#0 /home/larissa/Projects/www/public_html/VendaDePassagens/lib/Cake/Model/ConnectionManager.php(105): DboSource->__construct(Array)
#1 /home/larissa/Projects/www/public_html/VendaDePassagens/lib/Cake/Model/Model.php(3471): ConnectionManager::getDataSource('default')
#2 /home/larissa/Projects/www/public_html/VendaDePassagens/lib/Cake/Model/Model.php(1126): Model->setDataSource('default')
#3 /home/larissa/Projects/www/public_html/VendaDePassagens/lib/Cake/Model/Model.php(3493): Model->setSource('users')
#4 /home/larissa/Projects/www/public_html/VendaDePassagens/lib/Cake/Model/Model.php(1353): Model->getDataSource()
#5 /home/larissa/Projects/www/public_html/VendaDePassagens/lib/Cake/View/Helper/FormHelper.php(199): Model->schema()
#6 /home/larissa/Projects/www/public_html/VendaDePassagens/lib/Cake/View/Helper/FormHelper.php(451): FormHelper->_introspectModel('Cliente', 'fields')
#7 /home/larissa/Projects/www/public_html/VendaDePassagens/app/View/Clientes/add.ctp(5): FormHelper->create('Cliente')
#8 /home/larissa/Projects/www/public_html/VendaDePassagens/lib/Cake/View/View.php(929): include('/home/larissa/P...')
#9 /home/larissa/Projects/www/public_html/VendaDePassagens/lib/Cake/View/View.php(891): View->_evaluate('/home/larissa/P...', Array)
#10 /home/larissa/Projects/www/public_html/VendaDePassagens/lib/Cake/View/View.php(460): View->_render('/home/larissa/P...')
#11 /home/larissa/Projects/www/public_html/VendaDePassagens/lib/Cake/Controller/Controller.php(952): View->render(NULL, NULL)
#12 /home/larissa/Projects/www/public_html/VendaDePassagens/lib/Cake/Routing/Dispatcher.php(192): Controller->render()
#13 /home/larissa/Projects/www/public_html/VendaDePassagens/lib/Cake/Routing/Dispatcher.php(160): Dispatcher->_invoke(Object(ClientesController), Object(CakeRequest), Object(CakeResponse))
#14 /home/larissa/Projects/www/public_html/VendaDePassagens/app/webroot/index.php(108): Dispatcher->dispatch(Object(CakeRequest), Object(CakeResponse))
#15 {main}
2014-02-09 16:36:32 Error: [MissingControllerException] Controller class CssController could not be found.
Exception Attributes: array (
  'class' => 'CssController',
  'plugin' => NULL,
)
Request URL: /~larissa/VendaDePassagens/css/heroic-features.css
Stack Trace:
#0 /home/larissa/Projects/www/public_html/VendaDePassagens/app/webroot/index.php(108): Dispatcher->dispatch(Object(CakeRequest), Object(CakeResponse))
#1 {main}
2014-02-09 16:36:33 Error: [MissingActionException] Action ClientesController::index.php() could not be found.
Exception Attributes: array (
  'controller' => 'ClientesController',
  'action' => 'index.php',
)
Request URL: /~larissa/VendaDePassagens/clientes/index.php
Stack Trace:
#0 /home/larissa/Projects/www/public_html/VendaDePassagens/lib/Cake/Routing/Dispatcher.php(185): Controller->invokeAction(Object(CakeRequest))
#1 /home/larissa/Projects/www/public_html/VendaDePassagens/lib/Cake/Routing/Dispatcher.php(160): Dispatcher->_invoke(Object(ClientesController), Object(CakeRequest), Object(CakeResponse))
#2 /home/larissa/Projects/www/public_html/VendaDePassagens/app/webroot/index.php(108): Dispatcher->dispatch(Object(CakeRequest), Object(CakeResponse))
#3 {main}
2014-02-09 16:36:33 Error: [MissingControllerException] Controller class CssController could not be found.
Exception Attributes: array (
  'class' => 'CssController',
  'plugin' => NULL,
)
Request URL: /~larissa/VendaDePassagens/css/heroic-features.css
Stack Trace:
#0 /home/larissa/Projects/www/public_html/VendaDePassagens/app/webroot/index.php(108): Dispatcher->dispatch(Object(CakeRequest), Object(CakeResponse))
#1 {main}
2014-02-09 16:36:34 Error: [MissingActionException] Action ClientesController::index.php() could not be found.
Exception Attributes: array (
  'controller' => 'ClientesController',
  'action' => 'index.php',
)
Request URL: /~larissa/VendaDePassagens/clientes/index.php
Stack Trace:
#0 /home/larissa/Projects/www/public_html/VendaDePassagens/lib/Cake/Routing/Dispatcher.php(185): Controller->invokeAction(Object(CakeRequest))
#1 /home/larissa/Projects/www/public_html/VendaDePassagens/lib/Cake/Routing/Dispatcher.php(160): Dispatcher->_invoke(Object(ClientesController), Object(CakeRequest), Object(CakeResponse))
#2 /home/larissa/Projects/www/public_html/VendaDePassagens/app/webroot/index.php(108): Dispatcher->dispatch(Object(CakeRequest), Object(CakeResponse))
#3 {main}
2014-02-09 16:36:34 Error: [MissingControllerException] Controller class CssController could not be found.
Exception Attributes: array (
  'class' => 'CssController',
  'plugin' => NULL,
)
Request URL: /~larissa/VendaDePassagens/css/heroic-features.css
Stack Trace:
#0 /home/larissa/Projects/www/public_html/VendaDePassagens/app/webroot/index.php(108): Dispatcher->dispatch(Object(CakeRequest), Object(CakeResponse))
#1 {main}
2014-02-09 16:42:00 Error: [NotFoundException] Usuario invalido.
Request URL: /~larissa/VendaDePassagens/clientes/edit/
Stack Trace:
#0 [internal function]: ClientesController->edit()
#1 /home/larissa/Projects/www/public_html/VendaDePassagens/lib/Cake/Controller/Controller.php(490): ReflectionMethod->invokeArgs(Object(ClientesController), Array)
#2 /home/larissa/Projects/www/public_html/VendaDePassagens/lib/Cake/Routing/Dispatcher.php(185): Controller->invokeAction(Object(CakeRequest))
#3 /home/larissa/Projects/www/public_html/VendaDePassagens/lib/Cake/Routing/Dispatcher.php(160): Dispatcher->_invoke(Object(ClientesController), Object(CakeRequest), Object(CakeResponse))
#4 /home/larissa/Projects/www/public_html/VendaDePassagens/app/webroot/index.php(108): Dispatcher->dispatch(Object(CakeRequest), Object(CakeResponse))
#5 {main}
2014-02-09 16:42:00 Error: [MissingControllerException] Controller class CssController could not be found.
Exception Attributes: array (
  'class' => 'CssController',
  'plugin' => NULL,
)
Request URL: /~larissa/VendaDePassagens/css/heroic-features.css
Stack Trace:
#0 /home/larissa/Projects/www/public_html/VendaDePassagens/app/webroot/index.php(108): Dispatcher->dispatch(Object(CakeRequest), Object(CakeResponse))
#1 {main}
2014-02-09 16:42:05 Error: [NotFoundException] Usuario invalido.
Request URL: /~larissa/VendaDePassagens/Clientes/edit/
Stack Trace:
#0 [internal function]: ClientesController->edit()
#1 /home/larissa/Projects/www/public_html/VendaDePassagens/lib/Cake/Controller/Controller.php(490): ReflectionMethod->invokeArgs(Object(ClientesController), Array)
#2 /home/larissa/Projects/www/public_html/VendaDePassagens/lib/Cake/Routing/Dispatcher.php(185): Controller->invokeAction(Object(CakeRequest))
#3 /home/larissa/Projects/www/public_html/VendaDePassagens/lib/Cake/Routing/Dispatcher.php(160): Dispatcher->_invoke(Object(ClientesController), Object(CakeRequest), Object(CakeResponse))
#4 /home/larissa/Projects/www/public_html/VendaDePassagens/app/webroot/index.php(108): Dispatcher->dispatch(Object(CakeRequest), Object(CakeResponse))
#5 {main}
2014-02-09 16:42:05 Error: [MissingControllerException] Controller class CssController could not be found.
Exception Attributes: array (
  'class' => 'CssController',
  'plugin' => NULL,
)
Request URL: /~larissa/VendaDePassagens/css/heroic-features.css
Stack Trace:
#0 /home/larissa/Projects/www/public_html/VendaDePassagens/app/webroot/index.php(108): Dispatcher->dispatch(Object(CakeRequest), Object(CakeResponse))
#1 {main}
2014-02-09 16:43:03 Error: [NotFoundException] Usuario invalido.
Request URL: /~larissa/VendaDePassagens/Clientes/edit/index.php
Stack Trace:
#0 [internal function]: ClientesController->edit('index.php')
#1 /home/larissa/Projects/www/public_html/VendaDePassagens/lib/Cake/Controller/Controller.php(490): ReflectionMethod->invokeArgs(Object(ClientesController), Array)
#2 /home/larissa/Projects/www/public_html/VendaDePassagens/lib/Cake/Routing/Dispatcher.php(185): Controller->invokeAction(Object(CakeRequest))
#3 /home/larissa/Projects/www/public_html/VendaDePassagens/lib/Cake/Routing/Dispatcher.php(160): Dispatcher->_invoke(Object(ClientesController), Object(CakeRequest), Object(CakeResponse))
#4 /home/larissa/Projects/www/public_html/VendaDePassagens/app/webroot/index.php(108): Dispatcher->dispatch(Object(CakeRequest), Object(CakeResponse))
#5 {main}
2014-02-09 16:43:03 Error: [MissingControllerException] Controller class CssController could not be found.
Exception Attributes: array (
  'class' => 'CssController',
  'plugin' => NULL,
)
Request URL: /~larissa/VendaDePassagens/css/heroic-features.css
Stack Trace:
#0 /home/larissa/Projects/www/public_html/VendaDePassagens/app/webroot/index.php(108): Dispatcher->dispatch(Object(CakeRequest), Object(CakeResponse))
#1 {main}
2014-02-11 12:41:40 Error: [MissingConnectionException] Database connection "Mysql" is missing, or could not be created.
Exception Attributes: array (
  'class' => 'Mysql',
  'message' => 'SQLSTATE[HY000] [2002] Can\'t connect to local MySQL server through socket \'/var/run/mysqld/mysqld.sock\' (2)',
  'enabled' => true,
)
Request URL: /~larissa/VendaDePassagens/users/login
Stack Trace:
#0 /home/larissa/Projects/www/public_html/VendaDePassagens/lib/Cake/Model/Datasource/DboSource.php(260): Mysql->connect()
#1 /home/larissa/Projects/www/public_html/VendaDePassagens/lib/Cake/Model/ConnectionManager.php(105): DboSource->__construct(Array)
#2 /home/larissa/Projects/www/public_html/VendaDePassagens/lib/Cake/Model/Model.php(3471): ConnectionManager::getDataSource('default')
#3 /home/larissa/Projects/www/public_html/VendaDePassagens/lib/Cake/Model/Model.php(1126): Model->setDataSource('default')
#4 /home/larissa/Projects/www/public_html/VendaDePassagens/lib/Cake/Model/Model.php(3493): Model->setSource('users')
#5 /home/larissa/Projects/www/public_html/VendaDePassagens/lib/Cake/Model/Model.php(1353): Model->getDataSource()
#6 /home/larissa/Projects/www/public_html/VendaDePassagens/lib/Cake/View/Helper/FormHelper.php(199): Model->schema()
#7 /home/larissa/Projects/www/public_html/VendaDePassagens/lib/Cake/View/Helper/FormHelper.php(451): FormHelper->_introspectModel('User', 'fields')
#8 /home/larissa/Projects/www/public_html/VendaDePassagens/app/View/Users/login.ctp(2): FormHelper->create('User')
#9 /home/larissa/Projects/www/public_html/VendaDePassagens/lib/Cake/View/View.php(929): include('/home/larissa/P...')
#10 /home/larissa/Projects/www/public_html/VendaDePassagens/lib/Cake/View/View.php(891): View->_evaluate('/home/larissa/P...', Array)
#11 /home/larissa/Projects/www/public_html/VendaDePassagens/lib/Cake/View/View.php(460): View->_render('/home/larissa/P...')
#12 /home/larissa/Projects/www/public_html/VendaDePassagens/lib/Cake/Controller/Controller.php(952): View->render(NULL, NULL)
#13 /home/larissa/Projects/www/public_html/VendaDePassagens/lib/Cake/Routing/Dispatcher.php(192): Controller->render()
#14 /home/larissa/Projects/www/public_html/VendaDePassagens/lib/Cake/Routing/Dispatcher.php(160): Dispatcher->_invoke(Object(UsersController), Object(CakeRequest), Object(CakeResponse))
#15 /home/larissa/Projects/www/public_html/VendaDePassagens/app/webroot/index.php(108): Dispatcher->dispatch(Object(CakeRequest), Object(CakeResponse))
#16 {main}
2014-02-11 12:41:40 Error: [MissingControllerException] Controller class CssController could not be found.
Exception Attributes: array (
  'class' => 'CssController',
  'plugin' => NULL,
)
Request URL: /~larissa/VendaDePassagens/css/heroic-features.css
Stack Trace:
#0 /home/larissa/Projects/www/public_html/VendaDePassagens/app/webroot/index.php(108): Dispatcher->dispatch(Object(CakeRequest), Object(CakeResponse))
#1 {main}
2014-02-11 12:44:55 Error: [NotFoundException] Invalid passagem
Request URL: /~larissa/VendaDePassagens/passagens/view
Stack Trace:
#0 [internal function]: PassagensController->view()
#1 /home/larissa/Projects/www/public_html/VendaDePassagens/lib/Cake/Controller/Controller.php(490): ReflectionMethod->invokeArgs(Object(PassagensController), Array)
#2 /home/larissa/Projects/www/public_html/VendaDePassagens/lib/Cake/Routing/Dispatcher.php(185): Controller->invokeAction(Object(CakeRequest))
#3 /home/larissa/Projects/www/public_html/VendaDePassagens/lib/Cake/Routing/Dispatcher.php(160): Dispatcher->_invoke(Object(PassagensController), Object(CakeRequest), Object(CakeResponse))
#4 /home/larissa/Projects/www/public_html/VendaDePassagens/app/webroot/index.php(108): Dispatcher->dispatch(Object(CakeRequest), Object(CakeResponse))
#5 {main}
2014-02-11 12:44:56 Error: [MissingControllerException] Controller class CssController could not be found.
Exception Attributes: array (
  'class' => 'CssController',
  'plugin' => NULL,
)
Request URL: /~larissa/VendaDePassagens/css/heroic-features.css
Stack Trace:
#0 /home/larissa/Projects/www/public_html/VendaDePassagens/app/webroot/index.php(108): Dispatcher->dispatch(Object(CakeRequest), Object(CakeResponse))
#1 {main}
2014-02-11 12:45:22 Error: [NotFoundException] Invalid passagem
Request URL: /~larissa/VendaDePassagens/passagens/view
Stack Trace:
#0 [internal function]: PassagensController->view()
#1 /home/larissa/Projects/www/public_html/VendaDePassagens/lib/Cake/Controller/Controller.php(490): ReflectionMethod->invokeArgs(Object(PassagensController), Array)
#2 /home/larissa/Projects/www/public_html/VendaDePassagens/lib/Cake/Routing/Dispatcher.php(185): Controller->invokeAction(Object(CakeRequest))
#3 /home/larissa/Projects/www/public_html/VendaDePassagens/lib/Cake/Routing/Dispatcher.php(160): Dispatcher->_invoke(Object(PassagensController), Object(CakeRequest), Object(CakeResponse))
#4 /home/larissa/Projects/www/public_html/VendaDePassagens/app/webroot/index.php(108): Dispatcher->dispatch(Object(CakeRequest), Object(CakeResponse))
#5 {main}
2014-02-11 12:45:22 Error: [MissingControllerException] Controller class CssController could not be found.
Exception Attributes: array (
  'class' => 'CssController',
  'plugin' => NULL,
)
Request URL: /~larissa/VendaDePassagens/css/heroic-features.css
Stack Trace:
#0 /home/larissa/Projects/www/public_html/VendaDePassagens/app/webroot/index.php(108): Dispatcher->dispatch(Object(CakeRequest), Object(CakeResponse))
#1 {main}
2014-02-11 12:45:26 Error: [MissingActionException] Action PassagensController::index.php() could not be found.
Exception Attributes: array (
  'controller' => 'PassagensController',
  'action' => 'index.php',
)
Request URL: /~larissa/VendaDePassagens/passagens/index.php
Stack Trace:
#0 /home/larissa/Projects/www/public_html/VendaDePassagens/lib/Cake/Routing/Dispatcher.php(185): Controller->invokeAction(Object(CakeRequest))
#1 /home/larissa/Projects/www/public_html/VendaDePassagens/lib/Cake/Routing/Dispatcher.php(160): Dispatcher->_invoke(Object(PassagensController), Object(CakeRequest), Object(CakeResponse))
#2 /home/larissa/Projects/www/public_html/VendaDePassagens/app/webroot/index.php(108): Dispatcher->dispatch(Object(CakeRequest), Object(CakeResponse))
#3 {main}
2014-02-11 12:45:26 Error: [MissingControllerException] Controller class CssController could not be found.
Exception Attributes: array (
  'class' => 'CssController',
  'plugin' => NULL,
)
Request URL: /~larissa/VendaDePassagens/css/heroic-features.css
Stack Trace:
#0 /home/larissa/Projects/www/public_html/VendaDePassagens/app/webroot/index.php(108): Dispatcher->dispatch(Object(CakeRequest), Object(CakeResponse))
#1 {main}
2014-02-11 12:45:28 Error: [MissingActionException] Action PassagensController::index.php() could not be found.
Exception Attributes: array (
  'controller' => 'PassagensController',
  'action' => 'index.php',
)
Request URL: /~larissa/VendaDePassagens/passagens/index.php
Stack Trace:
#0 /home/larissa/Projects/www/public_html/VendaDePassagens/lib/Cake/Routing/Dispatcher.php(185): Controller->invokeAction(Object(CakeRequest))
#1 /home/larissa/Projects/www/public_html/VendaDePassagens/lib/Cake/Routing/Dispatcher.php(160): Dispatcher->_invoke(Object(PassagensController), Object(CakeRequest), Object(CakeResponse))
#2 /home/larissa/Projects/www/public_html/VendaDePassagens/app/webroot/index.php(108): Dispatcher->dispatch(Object(CakeRequest), Object(CakeResponse))
#3 {main}
2014-02-11 12:45:28 Error: [MissingControllerException] Controller class CssController could not be found.
Exception Attributes: array (
  'class' => 'CssController',
  'plugin' => NULL,
)
Request URL: /~larissa/VendaDePassagens/css/heroic-features.css
Stack Trace:
#0 /home/larissa/Projects/www/public_html/VendaDePassagens/app/webroot/index.php(108): Dispatcher->dispatch(Object(CakeRequest), Object(CakeResponse))
#1 {main}
2014-02-11 12:45:44 Error: [NotFoundException] Invalid passagem
Request URL: /~larissa/VendaDePassagens/passagens/view
Stack Trace:
#0 [internal function]: PassagensController->view()
#1 /home/larissa/Projects/www/public_html/VendaDePassagens/lib/Cake/Controller/Controller.php(490): ReflectionMethod->invokeArgs(Object(PassagensController), Array)
#2 /home/larissa/Projects/www/public_html/VendaDePassagens/lib/Cake/Routing/Dispatcher.php(185): Controller->invokeAction(Object(CakeRequest))
#3 /home/larissa/Projects/www/public_html/VendaDePassagens/lib/Cake/Routing/Dispatcher.php(160): Dispatcher->_invoke(Object(PassagensController), Object(CakeRequest), Object(CakeResponse))
#4 /home/larissa/Projects/www/public_html/VendaDePassagens/app/webroot/index.php(108): Dispatcher->dispatch(Object(CakeRequest), Object(CakeResponse))
#5 {main}
2014-02-11 12:45:44 Error: [MissingControllerException] Controller class CssController could not be found.
Exception Attributes: array (
  'class' => 'CssController',
  'plugin' => NULL,
)
Request URL: /~larissa/VendaDePassagens/css/heroic-features.css
Stack Trace:
#0 /home/larissa/Projects/www/public_html/VendaDePassagens/app/webroot/index.php(108): Dispatcher->dispatch(Object(CakeRequest), Object(CakeResponse))
#1 {main}
2014-02-11 12:55:58 Error: [MissingActionException] Action PassagensController::index.php() could not be found.
Exception Attributes: array (
  'controller' => 'PassagensController',
  'action' => 'index.php',
)
Request URL: /~larissa/VendaDePassagens/passagens/index.php
Stack Trace:
#0 /home/larissa/Projects/www/public_html/VendaDePassagens/lib/Cake/Routing/Dispatcher.php(185): Controller->invokeAction(Object(CakeRequest))
#1 /home/larissa/Projects/www/public_html/VendaDePassagens/lib/Cake/Routing/Dispatcher.php(160): Dispatcher->_invoke(Object(PassagensController), Object(CakeRequest), Object(CakeResponse))
#2 /home/larissa/Projects/www/public_html/VendaDePassagens/app/webroot/index.php(108): Dispatcher->dispatch(Object(CakeRequest), Object(CakeResponse))
#3 {main}
2014-02-11 12:55:58 Error: [MissingControllerException] Controller class CssController could not be found.
Exception Attributes: array (
  'class' => 'CssController',
  'plugin' => NULL,
)
Request URL: /~larissa/VendaDePassagens/css/heroic-features.css
Stack Trace:
#0 /home/larissa/Projects/www/public_html/VendaDePassagens/app/webroot/index.php(108): Dispatcher->dispatch(Object(CakeRequest), Object(CakeResponse))
#1 {main}
2014-02-11 12:56:51 Error: [MissingControllerException] Controller class ViagensController could not be found.
Exception Attributes: array (
  'class' => 'ViagensController',
  'plugin' => NULL,
)
Request URL: /~larissa/VendaDePassagens/viagens/index
Stack Trace:
#0 /home/larissa/Projects/www/public_html/VendaDePassagens/app/webroot/index.php(108): Dispatcher->dispatch(Object(CakeRequest), Object(CakeResponse))
#1 {main}
2014-02-11 12:56:51 Error: [MissingControllerException] Controller class CssController could not be found.
Exception Attributes: array (
  'class' => 'CssController',
  'plugin' => NULL,
)
Request URL: /~larissa/VendaDePassagens/css/heroic-features.css
Stack Trace:
#0 /home/larissa/Projects/www/public_html/VendaDePassagens/app/webroot/index.php(108): Dispatcher->dispatch(Object(CakeRequest), Object(CakeResponse))
#1 {main}
